Determining if the pthread_create exist failed with the following output:
Change Dir: /home/ehoxha/Projects/rgbd-slam/build/CMakeFiles/CMakeTmp

Run Build Command:"/usr/bin/make" "cmTC_c372c/fast"
/usr/bin/make -f CMakeFiles/cmTC_c372c.dir/build.make CMakeFiles/cmTC_c372c.dir/build
make[1]: Entering directory '/home/ehoxha/Projects/rgbd-slam/build/CMakeFiles/CMakeTmp'
Building C object CMakeFiles/cmTC_c372c.dir/CheckSymbolExists.c.o
/usr/bin/cc    -o CMakeFiles/cmTC_c372c.dir/CheckSymbolExists.c.o   -c /home/ehoxha/Projects/rgbd-slam/build/CMakeFiles/CMakeTmp/CheckSymbolExists.c
Linking C executable cmTC_c372c
/usr/bin/cmake -E cmake_link_script CMakeFiles/cmTC_c372c.dir/link.txt --verbose=1
/usr/bin/cc      -rdynamic CMakeFiles/cmTC_c372c.dir/CheckSymbolExists.c.o  -o cmTC_c372c 
CMakeFiles/cmTC_c372c.dir/CheckSymbolExists.c.o: In function `main':
CheckSymbolExists.c:(.text+0x1b): undefined reference to `pthread_create'
collect2: error: ld returned 1 exit status
CMakeFiles/cmTC_c372c.dir/build.make:97: recipe for target 'cmTC_c372c' failed
make[1]: *** [cmTC_c372c] Error 1
make[1]: Leaving directory '/home/ehoxha/Projects/rgbd-slam/build/CMakeFiles/CMakeTmp'
Makefile:126: recipe for target 'cmTC_c372c/fast' failed
make: *** [cmTC_c372c/fast] Error 2

File /home/ehoxha/Projects/rgbd-slam/build/CMakeFiles/CMakeTmp/CheckSymbolExists.c:
/* */
#include <pthread.h>

int main(int argc, char** argv)
{
  (void)argv;
#ifndef pthread_create
  return ((int*)(&pthread_create))[argc];
#else
  (void)argc;
  return 0;
#endif
}

Determining if the function pthread_create exists in the pthreads failed with the following output:
Change Dir: /home/ehoxha/Projects/rgbd-slam/build/CMakeFiles/CMakeTmp

Run Build Command:"/usr/bin/make" "cmTC_eeb5e/fast"
/usr/bin/make -f CMakeFiles/cmTC_eeb5e.dir/build.make CMakeFiles/cmTC_eeb5e.dir/build
make[1]: Entering directory '/home/ehoxha/Projects/rgbd-slam/build/CMakeFiles/CMakeTmp'
Building C object CMakeFiles/cmTC_eeb5e.dir/CheckFunctionExists.c.o
/usr/bin/cc   -DCHECK_FUNCTION_EXISTS=pthread_create   -o CMakeFiles/cmTC_eeb5e.dir/CheckFunctionExists.c.o   -c /usr/share/cmake-3.10/Modules/CheckFunctionExists.c
Linking C executable cmTC_eeb5e
/usr/bin/cmake -E cmake_link_script CMakeFiles/cmTC_eeb5e.dir/link.txt --verbose=1
/usr/bin/cc  -DCHECK_FUNCTION_EXISTS=pthread_create    -rdynamic CMakeFiles/cmTC_eeb5e.dir/CheckFunctionExists.c.o  -o cmTC_eeb5e -lpthreads 
/usr/bin/ld: cannot find -lpthreads
collect2: error: ld returned 1 exit status
CMakeFiles/cmTC_eeb5e.dir/build.make:97: recipe for target 'cmTC_eeb5e' failed
make[1]: *** [cmTC_eeb5e] Error 1
make[1]: Leaving directory '/home/ehoxha/Projects/rgbd-slam/build/CMakeFiles/CMakeTmp'
Makefile:126: recipe for target 'cmTC_eeb5e/fast' failed
make: *** [cmTC_eeb5e/fast] Error 2


